2025-03-08 22:31:15,253 - discord.client - WARNING - PyNaCl is not installed, voice will NOT be supported
2025-03-08 22:31:15,265 - bot - ERROR - Failed to load extension moderation: Extension 'moderation' raised an error: AttributeError: loop attribute cannot be accessed in non-async contexts. Consider using either an asynchronous main function and passing it to asyncio.run or using asynchronous initialisation hooks such as Client.setup_hook
2025-03-08 22:31:15,270 - bot - INFO - Loaded extension: autorole
2025-03-08 22:31:17,636 - bot - INFO - Loaded extension: aichat
2025-03-08 22:31:17,643 - bot - ERROR - Failed to load extension utility: Extension 'utility' raised an error: ModuleNotFoundError: No module named 'psutil'
2025-03-08 22:31:17,644 - discord.client - INFO - logging in using static token
2025-03-08 22:31:17,646 - bot - ERROR - Bot crashed: expected token to be a str, received NoneType instead
2025-03-08 22:35:51,899 - discord.client - WARNING - PyNaCl is not installed, voice will NOT be supported
2025-03-08 22:35:51,915 - bot - ERROR - Failed to load extension moderation: Extension 'moderation' raised an error: AttributeError: loop attribute cannot be accessed in non-async contexts. Consider using either an asynchronous main function and passing it to asyncio.run or using asynchronous initialisation hooks such as Client.setup_hook
2025-03-08 22:35:51,925 - bot - INFO - Loaded extension: autorole
2025-03-08 22:35:53,439 - bot - INFO - Loaded extension: aichat
2025-03-08 22:35:53,449 - bot - ERROR - Failed to load extension utility: Extension 'utility' raised an error: ModuleNotFoundError: No module named 'psutil'
2025-03-08 22:35:53,449 - discord.client - INFO - logging in using static token
2025-03-08 22:35:53,451 - bot - ERROR - Bot crashed: expected token to be a str, received NoneType instead
2025-03-08 22:39:25,526 - discord.client - WARNING - PyNaCl is not installed, voice will NOT be supported
2025-03-08 22:39:25,534 - bot - INFO - Loaded extension: moderation
2025-03-08 22:39:25,536 - bot - INFO - Loaded extension: autorole
2025-03-08 22:39:26,667 - bot - INFO - Loaded extension: aichat
2025-03-08 22:39:26,668 - bot - ERROR - Failed to load extension utility: Extension 'utility' raised an error: ModuleNotFoundError: No module named 'psutil'
2025-03-08 22:39:26,669 - discord.client - INFO - logging in using static token
2025-03-08 22:39:26,670 - bot - ERROR - Bot crashed: expected token to be a str, received NoneType instead
2025-03-08 22:40:06,035 - discord.client - WARNING - PyNaCl is not installed, voice will NOT be supported
2025-03-08 22:40:06,049 - bot - INFO - Loaded extension: moderation
2025-03-08 22:40:06,051 - bot - INFO - Loaded extension: autorole
2025-03-08 22:40:07,295 - bot - INFO - Loaded extension: aichat
2025-03-08 22:40:07,297 - bot - ERROR - Failed to load extension utility: Extension 'utility' raised an error: ModuleNotFoundError: No module named 'psutil'
2025-03-08 22:40:07,297 - discord.client - INFO - logging in using static token
2025-03-08 22:40:07,299 - bot - ERROR - Bot crashed: expected token to be a str, received NoneType instead
2025-03-08 22:40:48,074 - discord.client - WARNING - PyNaCl is not installed, voice will NOT be supported
2025-03-08 22:40:48,077 - bot - INFO - Loaded extension: moderation
2025-03-08 22:40:48,079 - bot - INFO - Loaded extension: autorole
2025-03-08 22:40:49,072 - bot - INFO - Loaded extension: aichat
2025-03-08 22:40:49,090 - bot - INFO - Loaded extension: utility
2025-03-08 22:40:49,091 - discord.client - INFO - logging in using static token
2025-03-08 22:40:49,092 - bot - ERROR - Bot crashed: expected token to be a str, received NoneType instead
2025-03-08 22:44:09,092 - discord.client - WARNING - PyNaCl is not installed, voice will NOT be supported
2025-03-08 22:44:09,096 - bot - INFO - Loaded extension: moderation
2025-03-08 22:44:09,097 - bot - INFO - Loaded extension: autorole
2025-03-08 22:44:10,103 - bot - INFO - Loaded extension: aichat
2025-03-08 22:44:10,116 - bot - INFO - Loaded extension: utility
2025-03-08 22:44:10,117 - discord.client - INFO - logging in using static token
2025-03-08 22:44:12,664 - bot - ERROR - Bot crashed: Shard ID None is requesting privileged intents that have not been explicitly enabled in the developer portal. It is recommended to go to https://discord.com/developers/applications/ and explicitly enable the privileged intents within your application's page. If this is not possible, then consider disabling the privileged intents instead.
2025-03-08 22:45:33,653 - discord.client - WARNING - PyNaCl is not installed, voice will NOT be supported
2025-03-08 22:45:33,657 - bot - INFO - Loaded extension: moderation
2025-03-08 22:45:33,658 - bot - INFO - Loaded extension: autorole
2025-03-08 22:45:34,831 - bot - INFO - Loaded extension: aichat
2025-03-08 22:45:34,845 - bot - INFO - Loaded extension: utility
2025-03-08 22:45:34,845 - discord.client - INFO - logging in using static token
2025-03-08 22:45:36,876 - bot - ERROR - Bot crashed: Shard ID None is requesting privileged intents that have not been explicitly enabled in the developer portal. It is recommended to go to https://discord.com/developers/applications/ and explicitly enable the privileged intents within your application's page. If this is not possible, then consider disabling the privileged intents instead.
2025-03-08 22:47:30,255 - discord.client - WARNING - PyNaCl is not installed, voice will NOT be supported
2025-03-08 22:47:30,262 - bot - INFO - Loaded extension: moderation
2025-03-08 22:47:30,264 - bot - INFO - Loaded extension: autorole
2025-03-08 22:47:31,489 - bot - INFO - Loaded extension: aichat
2025-03-08 22:47:31,502 - bot - INFO - Loaded extension: utility
2025-03-08 22:47:31,502 - discord.client - INFO - logging in using static token
2025-03-08 22:47:34,249 - discord.gateway - INFO - Shard ID None has connected to Gateway (Session ID: 186f3e5c730cdf7e74e9459a5cfda47e).
2025-03-08 22:47:36,265 - bot - INFO - Logged in as asha#0628 (ID: 1347977788673626132)
2025-03-08 22:47:36,267 - bot - INFO - Bot is ready! Serving 0 guilds.
2025-03-08 22:48:31,781 - bot - INFO - Joined guild: Test server (ID: 1211626967548432384)
2025-03-08 23:19:00,726 - bot - INFO - Bot stopped by user.
2025-03-08 23:20:02,176 - discord.client - WARNING - PyNaCl is not installed, voice will NOT be supported
2025-03-08 23:20:02,182 - bot - INFO - Loaded extension: moderation
2025-03-08 23:20:02,184 - bot - INFO - Loaded extension: autorole
2025-03-08 23:20:03,768 - bot - INFO - Loaded extension: aichat
2025-03-08 23:20:03,785 - bot - INFO - Loaded extension: utility
2025-03-08 23:20:03,786 - discord.client - INFO - logging in using static token
2025-03-08 23:20:06,494 - discord.gateway - INFO - Shard ID None has connected to Gateway (Session ID: 52ff552bf5deafa1dccf13cf3ff949e8).
2025-03-08 23:20:08,503 - bot - INFO - Logged in as asha#0628 (ID: 1347977788673626132)
2025-03-08 23:20:08,504 - bot - INFO - Bot is ready! Serving 1 guilds.
2025-03-08 23:22:20,331 - bot - INFO - Bot stopped by user.
2025-03-08 23:23:21,159 - discord.client - WARNING - PyNaCl is not installed, voice will NOT be supported
2025-03-08 23:23:21,162 - bot - INFO - Loaded extension: moderation
2025-03-08 23:23:21,164 - bot - INFO - Loaded extension: autorole
2025-03-08 23:23:22,290 - bot - INFO - Loaded extension: aichat
2025-03-08 23:23:22,303 - bot - INFO - Loaded extension: utility
2025-03-08 23:23:22,304 - discord.client - INFO - logging in using static token
2025-03-08 23:23:24,343 - discord.gateway - INFO - Shard ID None has connected to Gateway (Session ID: f6aa36ccb6c5e9e228b0f93f664f1154).
2025-03-08 23:23:26,369 - bot - INFO - Logged in as asha#0628 (ID: 1347977788673626132)
2025-03-08 23:23:26,370 - bot - INFO - Bot is ready! Serving 1 guilds.
2025-03-08 23:24:29,893 - bot - INFO - Bot stopped by user.
2025-03-08 23:24:35,554 - discord.client - WARNING - PyNaCl is not installed, voice will NOT be supported
2025-03-08 23:24:35,558 - bot - INFO - Loaded extension: moderation
2025-03-08 23:24:35,560 - bot - INFO - Loaded extension: autorole
2025-03-08 23:24:36,876 - bot - INFO - Loaded extension: aichat
2025-03-08 23:24:36,890 - bot - INFO - Loaded extension: utility
2025-03-08 23:24:36,891 - discord.client - INFO - logging in using static token
2025-03-08 23:24:39,346 - discord.gateway - INFO - Shard ID None has connected to Gateway (Session ID: e9ece80e3fd38ca40a0238d2f0b64f8d).
2025-03-08 23:24:41,356 - bot - INFO - Logged in as asha#0628 (ID: 1347977788673626132)
2025-03-08 23:24:41,358 - bot - INFO - Bot is ready! Serving 1 guilds.
2025-03-08 23:26:36,591 - bot - INFO - Bot stopped by user.
2025-03-08 23:29:08,032 - discord.client - WARNING - PyNaCl is not installed, voice will NOT be supported
2025-03-08 23:29:08,037 - bot - INFO - Loaded extension: moderation
2025-03-08 23:29:08,039 - bot - INFO - Loaded extension: autorole
2025-03-08 23:29:09,307 - bot - INFO - Loaded extension: aichat
2025-03-08 23:29:09,327 - bot - INFO - Loaded extension: utility
2025-03-08 23:29:09,327 - discord.client - INFO - logging in using static token
2025-03-08 23:29:11,460 - discord.gateway - INFO - Shard ID None has connected to Gateway (Session ID: 2a7313ab241db674b304b610cf3219d4).
2025-03-08 23:29:13,474 - bot - INFO - Logged in as asha#0628 (ID: 1347977788673626132)
2025-03-08 23:29:13,475 - bot - INFO - Bot is ready! Serving 1 guilds.
2025-03-08 23:31:05,004 - bot - INFO - Bot stopped by user.
2025-03-08 23:31:27,932 - discord.client - WARNING - PyNaCl is not installed, voice will NOT be supported
2025-03-08 23:31:27,936 - bot - INFO - Loaded extension: moderation
2025-03-08 23:31:27,937 - bot - INFO - Loaded extension: autorole
2025-03-08 23:31:31,255 - bot - INFO - Loaded extension: aichat
2025-03-08 23:31:31,272 - bot - INFO - Loaded extension: utility
2025-03-08 23:31:31,272 - discord.client - INFO - logging in using static token
2025-03-08 23:31:34,835 - discord.gateway - INFO - Shard ID None has connected to Gateway (Session ID: 293c71e7c660d59e264fb2e1a20cbe1f).
2025-03-08 23:31:36,841 - bot - INFO - Logged in as asha#0628 (ID: 1347977788673626132)
2025-03-08 23:31:36,842 - bot - INFO - Bot is ready! Serving 1 guilds.
2025-03-08 23:32:47,055 - bot - INFO - Bot stopped by user.
2025-03-08 23:40:31,039 - discord.client - WARNING - PyNaCl is not installed, voice will NOT be supported
2025-03-08 23:40:31,041 - discord.client - INFO - logging in using static token
2025-03-08 23:40:32,116 - bot - INFO - Loaded extension: moderation
2025-03-08 23:40:32,118 - bot - INFO - Loaded extension: autorole
2025-03-08 23:40:36,434 - bot - INFO - Loaded extension: aichat
2025-03-08 23:40:36,450 - bot - INFO - Loaded extension: utility
2025-03-08 23:41:23,445 - bot - INFO - Bot stopped by user.
2025-03-08 23:41:23,512 - asyncio - ERROR - Unclosed client session
client_session: <aiohttp.client.ClientSession object at 0x000001F954E01550>
2025-03-08 23:42:42,633 - discord.client - WARNING - PyNaCl is not installed, voice will NOT be supported
2025-03-08 23:42:42,634 - discord.client - INFO - logging in using static token
2025-03-08 23:42:43,846 - bot - INFO - Loaded extension: moderation
2025-03-08 23:42:43,848 - bot - INFO - Loaded extension: autorole
2025-03-08 23:42:47,946 - bot - INFO - Loaded extension: aichat
2025-03-08 23:42:47,964 - bot - INFO - Loaded extension: utility
2025-03-08 23:43:48,100 - bot - INFO - Slash commands synced
2025-03-08 23:43:49,242 - discord.gateway - INFO - Shard ID None has connected to Gateway (Session ID: 3cbf239c370c62f7b4019cf3556469ff).
2025-03-08 23:43:51,254 - bot - INFO - Logged in as asha#0628 (ID: 1347977788673626132)
2025-03-08 23:43:51,255 - bot - INFO - Bot is ready! Serving 1 guilds.
2025-03-08 23:47:11,677 - bot - INFO - Joined guild: Test server (ID: 1211626967548432384)
2025-03-08 23:49:50,416 - bot - INFO - Bot stopped by user.
2025-03-08 23:56:36,663 - discord.client - WARNING - PyNaCl is not installed, voice will NOT be supported
2025-03-08 23:56:36,665 - discord.client - INFO - logging in using static token
2025-03-08 23:56:38,001 - bot - INFO - Loaded extension: moderation
2025-03-08 23:56:38,004 - bot - INFO - Loaded extension: autorole
2025-03-08 23:56:42,189 - bot - INFO - Loaded extension: aichat
2025-03-08 23:56:42,206 - bot - INFO - Loaded extension: utility
2025-03-08 23:56:42,206 - bot - INFO - Syncing slash commands...
2025-03-08 23:57:42,193 - bot - INFO - Slash commands synced
2025-03-08 23:57:43,292 - discord.gateway - INFO - Shard ID None has connected to Gateway (Session ID: 26358ee69ba36314f07a58146da60178).
2025-03-08 23:57:45,338 - bot - INFO - Logged in as asha#0628 (ID: 1347977788673626132)
2025-03-08 23:57:45,339 - bot - INFO - Bot is ready! Serving 1 guilds.
2025-03-08 23:58:27,753 - bot - INFO - Joined guild: Test server (ID: 1211626967548432384)
2025-03-08 23:58:28,330 - bot - INFO - Synced slash commands for guild 1211626967548432384
2025-03-09 00:00:51,819 - bot - INFO - Bot stopped by user.
2025-03-09 00:00:59,724 - discord.client - WARNING - PyNaCl is not installed, voice will NOT be supported
2025-03-09 00:00:59,726 - discord.client - INFO - logging in using static token
2025-03-09 00:01:00,727 - bot - INFO - Loaded extension: moderation
2025-03-09 00:01:00,729 - bot - INFO - Loaded extension: autorole
2025-03-09 00:01:08,316 - discord.client - WARNING - PyNaCl is not installed, voice will NOT be supported
2025-03-09 00:01:08,318 - discord.client - INFO - logging in using static token
2025-03-09 00:01:09,926 - bot - INFO - Loaded extension: moderation
2025-03-09 00:01:09,927 - bot - INFO - Loaded extension: autorole
2025-03-09 00:01:14,861 - bot - INFO - Loaded extension: aichat
2025-03-09 00:01:14,880 - bot - INFO - Loaded extension: utility
2025-03-09 00:01:14,880 - bot - INFO - Syncing slash commands...
2025-03-09 00:02:14,973 - bot - INFO - Slash commands synced
2025-03-09 00:02:15,921 - discord.gateway - INFO - Shard ID None has connected to Gateway (Session ID: 590b0d3ebaaaeb8418d0549d9b758c70).
2025-03-09 00:02:17,934 - bot - INFO - Logged in as asha#0628 (ID: 1347977788673626132)
2025-03-09 00:02:17,935 - bot - INFO - Bot is ready! Serving 1 guilds.
2025-03-09 00:04:37,874 - bot - INFO - Joined guild: Test server (ID: 1211626967548432384)
2025-03-09 00:04:39,856 - bot - INFO - Synced slash commands for guild 1211626967548432384
2025-03-09 00:05:37,063 - bot - INFO - Joined guild: AIADS batch 2024 (ID: 1308080383954391121)
2025-03-09 00:05:37,641 - bot - INFO - Synced slash commands for guild 1308080383954391121
2025-03-09 00:17:21,094 - bot - INFO - Bot stopped by user.
2025-03-09 00:17:26,440 - discord.client - WARNING - PyNaCl is not installed, voice will NOT be supported
2025-03-09 00:17:26,442 - discord.client - INFO - logging in using static token
2025-03-09 00:17:27,691 - bot - INFO - Loaded extension: moderation
2025-03-09 00:17:27,696 - bot - INFO - Loaded extension: autorole
2025-03-09 00:17:30,966 - bot - INFO - Loaded extension: aichat
2025-03-09 00:17:30,993 - bot - INFO - Loaded extension: utility
2025-03-09 00:17:30,993 - bot - INFO - Syncing slash commands...
2025-03-09 00:18:31,095 - bot - INFO - Slash commands synced
2025-03-09 00:18:32,084 - discord.gateway - INFO - Shard ID None has connected to Gateway (Session ID: 65ae908be2fc7a4fac03a635f6ab188d).
2025-03-09 00:18:34,087 - bot - INFO - Logged in as asha#0628 (ID: 1347977788673626132)
2025-03-09 00:18:34,088 - bot - INFO - Bot is ready! Serving 1 guilds.
2025-03-09 00:20:10,737 - bot - INFO - Joined guild: Test server (ID: 1211626967548432384)
2025-03-09 00:20:11,368 - bot - INFO - Synced slash commands for guild 1211626967548432384
2025-03-09 00:40:51,995 - bot - INFO - Bot stopped by user.
2025-03-09 14:06:16,326 - discord.client - WARNING - PyNaCl is not installed, voice will NOT be supported
2025-03-09 14:06:16,334 - discord.client - INFO - logging in using static token
2025-03-09 14:06:17,863 - bot - INFO - Loaded extension: moderation
2025-03-09 14:06:17,886 - bot - INFO - Loaded extension: autorole
2025-03-09 14:06:26,535 - bot - INFO - Loaded extension: aichat
2025-03-09 14:06:26,608 - bot - INFO - Loaded extension: utility
2025-03-09 14:06:26,610 - bot - INFO - Syncing slash commands...
2025-03-09 14:07:26,350 - bot - INFO - Slash commands synced
2025-03-09 14:07:27,668 - discord.gateway - INFO - Shard ID None has connected to Gateway (Session ID: 16bb5f6c66bcce7ee6671d640fddeb7d).
2025-03-09 14:07:29,677 - bot - INFO - Logged in as asha#0628 (ID: 1347977788673626132)
2025-03-09 14:07:29,679 - bot - INFO - Bot is ready! Serving 1 guilds.
2025-03-09 14:14:31,480 - bot - INFO - Synced slash commands for guild 1341333219458551848
2025-03-09 14:19:07,496 - bot - INFO - Joined guild: AIADS batch 2024 (ID: 1308080383954391121)
2025-03-09 14:19:08,615 - bot - INFO - Synced slash commands for guild 1308080383954391121
2025-03-09 14:31:40,416 - bot - INFO - Bot stopped by user.
2025-04-10 01:13:02,369 - discord.client - WARNING - PyNaCl is not installed, voice will NOT be supported
2025-04-10 01:13:02,379 - discord.client - INFO - logging in using static token
2025-04-10 01:13:04,304 - bot - INFO - Loaded extension: moderation
2025-04-10 01:13:04,761 - bot - INFO - Loaded extension: autorole
2025-04-10 01:13:14,210 - bot - INFO - Loaded extension: aichat
2025-04-10 01:13:14,281 - bot - INFO - Loaded extension: utility
2025-04-10 01:13:14,282 - bot - INFO - Syncing slash commands...
2025-04-10 01:14:12,586 - bot - INFO - Slash commands synced
2025-04-10 01:14:13,806 - discord.gateway - INFO - Shard ID None has connected to Gateway (Session ID: d642f10ac6d9934cc6aac6a90756b398).
2025-04-10 01:14:16,036 - bot - INFO - Logged in as asha#0628 (ID: 1347977788673626132)
2025-04-10 01:14:16,037 - bot - INFO - Bot is ready! Serving 2 guilds.
2025-04-10 01:14:55,999 - bot - INFO - Synced slash commands for guild 1350474491851178177
2025-04-10 02:02:58,893 - bot - INFO - Bot stopped by user.
2025-04-10 15:50:25,077 - discord.client - WARNING - PyNaCl is not installed, voice will NOT be supported
2025-04-10 15:50:25,085 - discord.client - INFO - logging in using static token
2025-04-10 15:50:26,581 - bot - INFO - Loaded extension: moderation
2025-04-10 15:50:26,915 - bot - INFO - Loaded extension: autorole
2025-04-10 15:50:33,410 - bot - INFO - Loaded extension: aichat
2025-04-10 15:50:33,478 - bot - INFO - Loaded extension: utility
2025-04-10 15:50:33,478 - bot - INFO - Syncing slash commands...
2025-04-10 15:51:33,415 - bot - INFO - Slash commands synced
2025-04-10 15:51:34,507 - discord.gateway - INFO - Shard ID None has connected to Gateway (Session ID: de4b8a93d256559435f3a1fe26b96647).
2025-04-10 15:51:36,529 - bot - INFO - Logged in as asha#0628 (ID: 1347977788673626132)
2025-04-10 15:51:36,530 - bot - INFO - Bot is ready! Serving 3 guilds.
2025-04-10 15:54:11,526 - discord.client - WARNING - PyNaCl is not installed, voice will NOT be supported
2025-04-10 15:54:11,529 - discord.client - INFO - logging in using static token
2025-04-10 15:54:12,800 - bot - INFO - Loaded extension: moderation
2025-04-10 15:54:13,093 - bot - INFO - Loaded extension: autorole
2025-04-10 15:54:18,434 - bot - INFO - Loaded extension: aichat
2025-04-10 15:54:18,471 - bot - INFO - Loaded extension: utility
2025-04-10 15:54:18,485 - bot - INFO - Loaded extension: leveling
2025-04-10 15:54:18,485 - bot - INFO - Syncing slash commands...
2025-04-10 15:55:18,462 - bot - INFO - Slash commands synced
2025-04-10 15:55:19,501 - discord.gateway - INFO - Shard ID None has connected to Gateway (Session ID: 263f407449bf0e9826bc669b3b1b7902).
2025-04-10 15:55:21,575 - bot - INFO - Logged in as asha#0628 (ID: 1347977788673626132)
2025-04-10 15:55:21,576 - bot - INFO - Bot is ready! Serving 3 guilds.
2025-04-10 15:56:46,871 - bot - INFO - Bot stopped by user.
2025-04-10 15:58:50,156 - discord.client - WARNING - PyNaCl is not installed, voice will NOT be supported
2025-04-10 15:58:50,160 - discord.client - INFO - logging in using static token
2025-04-10 15:58:51,683 - bot - INFO - Loaded extension: moderation
2025-04-10 15:58:51,941 - bot - INFO - Loaded extension: autorole
2025-04-10 15:58:56,625 - bot - INFO - Loaded extension: aichat
2025-04-10 15:58:56,666 - bot - INFO - Loaded extension: utility
2025-04-10 15:58:56,707 - bot - ERROR - Failed to load extension leveling: Extension 'leveling' raised an error: TypeError: Parameter.__init__() got an unexpected keyword argument 'name'
2025-04-10 15:58:56,708 - bot - INFO - Syncing slash commands...
2025-04-10 15:59:56,798 - bot - INFO - Slash commands synced
2025-04-10 15:59:58,097 - discord.gateway - INFO - Shard ID None has connected to Gateway (Session ID: 1426c33aa11c80a8afb689447e5a9d31).
2025-04-10 16:00:00,152 - bot - INFO - Logged in as asha#0628 (ID: 1347977788673626132)
2025-04-10 16:00:00,153 - bot - INFO - Bot is ready! Serving 3 guilds.
2025-04-10 16:00:14,159 - bot - INFO - Bot stopped by user.
2025-04-10 16:02:16,869 - discord.client - WARNING - PyNaCl is not installed, voice will NOT be supported
2025-04-10 16:02:16,872 - discord.client - INFO - logging in using static token
2025-04-10 16:02:18,069 - bot - INFO - Loaded extension: moderation
2025-04-10 16:02:18,353 - bot - INFO - Loaded extension: autorole
2025-04-10 16:02:22,675 - bot - INFO - Loaded extension: aichat
2025-04-10 16:02:22,719 - bot - INFO - Loaded extension: utility
2025-04-10 16:02:22,748 - bot - INFO - Loaded extension: leveling
2025-04-10 16:02:22,749 - bot - INFO - Syncing slash commands...
2025-04-10 16:03:22,798 - bot - INFO - Slash commands synced
2025-04-10 16:03:23,993 - discord.gateway - INFO - Shard ID None has connected to Gateway (Session ID: 8c23f31d40b5b286160510494ffaad47).
2025-04-10 16:03:26,179 - bot - INFO - Logged in as asha#0628 (ID: 1347977788673626132)
2025-04-10 16:03:26,181 - bot - INFO - Bot is ready! Serving 3 guilds.
2025-04-10 16:06:16,657 - bot - INFO - Synced slash commands for guild 1350474491851178177
2025-04-10 16:14:31,251 - bot - INFO - Bot stopped by user.
2025-04-10 16:15:00,958 - discord.client - WARNING - PyNaCl is not installed, voice will NOT be supported
2025-04-10 16:15:00,961 - discord.client - INFO - logging in using static token
2025-04-10 16:15:02,095 - bot - INFO - Loaded extension: moderation
2025-04-10 16:15:02,360 - bot - INFO - Loaded extension: autorole
2025-04-10 16:15:06,336 - bot - INFO - Loaded extension: aichat
2025-04-10 16:15:06,364 - bot - INFO - Loaded extension: utility
2025-04-10 16:15:06,398 - bot - INFO - Loaded extension: leveling
2025-04-10 16:15:06,399 - bot - INFO - Syncing slash commands...
2025-04-10 16:16:06,527 - bot - INFO - Slash commands synced
2025-04-10 16:16:07,741 - discord.gateway - INFO - Shard ID None has connected to Gateway (Session ID: 95240c67e9910dd18d74ff83d2089e3b).
2025-04-10 16:16:09,760 - bot - INFO - Logged in as asha#0628 (ID: 1347977788673626132)
2025-04-10 16:16:09,762 - bot - INFO - Bot is ready! Serving 3 guilds.
2025-04-10 16:18:46,817 - bot - INFO - Bot stopped by user.
2025-04-10 16:21:00,239 - discord.client - WARNING - PyNaCl is not installed, voice will NOT be supported
2025-04-10 16:21:00,241 - discord.client - INFO - logging in using static token
2025-04-10 16:21:01,465 - bot - INFO - Loaded extension: moderation
2025-04-10 16:21:01,729 - bot - INFO - Loaded extension: autorole
2025-04-10 16:21:46,534 - bot - INFO - Loaded extension: aichat
2025-04-10 16:21:46,563 - bot - INFO - Loaded extension: utility
2025-04-10 16:21:46,599 - bot - ERROR - Failed to load extension leveling: Extension 'leveling' raised an error: CommandAlreadyRegistered: Command 'level' already registered.
2025-04-10 16:21:46,600 - bot - INFO - Syncing slash commands...
2025-04-10 16:21:47,643 - bot - INFO - Slash commands synced
2025-04-10 16:21:48,725 - discord.gateway - INFO - Shard ID None has connected to Gateway (Session ID: ef724787ef5f877ac8ac44104b812410).
2025-04-10 16:21:50,743 - bot - INFO - Logged in as asha#0628 (ID: 1347977788673626132)
2025-04-10 16:21:50,744 - bot - INFO - Bot is ready! Serving 3 guilds.
2025-04-10 16:22:43,376 - bot - INFO - Synced slash commands for guild 1350474491851178177
2025-04-10 16:26:56,221 - discord.client - WARNING - PyNaCl is not installed, voice will NOT be supported
2025-04-10 16:26:56,223 - discord.client - INFO - logging in using static token
2025-04-10 16:26:57,380 - bot - INFO - Loaded extension: moderation
2025-04-10 16:26:57,648 - bot - INFO - Loaded extension: autorole
2025-04-10 16:26:58,496 - bot - INFO - Bot stopped by user.
2025-04-10 16:27:44,877 - bot - INFO - Loaded extension: aichat
2025-04-10 16:27:44,914 - bot - INFO - Loaded extension: utility
2025-04-10 16:27:44,959 - bot - ERROR - Failed to load extension leveling: Extension 'leveling' raised an error: AttributeError: 'Command' object has no attribute '__globals__'
2025-04-10 16:27:44,959 - bot - INFO - Syncing slash commands...
2025-04-10 16:27:46,107 - bot - INFO - Slash commands synced
2025-04-10 16:27:47,186 - discord.gateway - INFO - Shard ID None has connected to Gateway (Session ID: 067fdcace0d89a26209b4639fa849a14).
2025-04-10 16:27:49,220 - bot - INFO - Logged in as asha#0628 (ID: 1347977788673626132)
2025-04-10 16:27:49,221 - bot - INFO - Bot is ready! Serving 3 guilds.
2025-04-10 16:29:27,177 - bot - INFO - Bot stopped by user.
2025-04-10 16:30:52,653 - discord.client - WARNING - PyNaCl is not installed, voice will NOT be supported
2025-04-10 16:30:52,656 - discord.client - INFO - logging in using static token
2025-04-10 16:30:53,867 - bot - INFO - Loaded extension: moderation
2025-04-10 16:30:54,125 - bot - INFO - Loaded extension: autorole
2025-04-10 16:30:59,529 - bot - INFO - Loaded extension: aichat
2025-04-10 16:30:59,689 - bot - INFO - Loaded extension: utility
2025-04-10 16:30:59,894 - bot - INFO - Loaded extension: leveling
2025-04-10 16:30:59,896 - bot - INFO - Syncing slash commands...
2025-04-10 16:31:59,784 - bot - INFO - Slash commands synced
2025-04-10 16:32:01,119 - discord.gateway - INFO - Shard ID None has connected to Gateway (Session ID: 8945f60fecd81a85c126e289f63fbbfc).
2025-04-10 16:32:03,189 - bot - INFO - Logged in as asha#0628 (ID: 1347977788673626132)
2025-04-10 16:32:03,191 - bot - INFO - Bot is ready! Serving 3 guilds.
2025-04-10 16:33:29,541 - bot - INFO - Synced slash commands for guild 1350474491851178177
2025-04-10 16:39:23,727 - bot - INFO - Bot stopped by user.
2025-04-10 16:41:26,830 - discord.client - WARNING - PyNaCl is not installed, voice will NOT be supported
2025-04-10 16:41:26,833 - discord.client - INFO - logging in using static token
2025-04-10 16:41:28,219 - bot - INFO - Loaded extension: moderation
2025-04-10 16:41:28,539 - bot - INFO - Loaded extension: autorole
2025-04-10 16:41:35,452 - bot - INFO - Loaded extension: aichat
2025-04-10 16:41:35,490 - bot - INFO - Loaded extension: utility
2025-04-10 16:41:35,557 - bot - INFO - Loaded extension: leveling
2025-04-10 16:41:35,558 - bot - INFO - Syncing slash commands...
2025-04-10 16:42:35,838 - bot - INFO - Slash commands synced
2025-04-10 16:42:37,392 - discord.gateway - INFO - Shard ID None has connected to Gateway (Session ID: f5c420be584f5828a8f5935137e4bdad).
2025-04-10 16:42:39,516 - bot - INFO - Logged in as asha#0628 (ID: 1347977788673626132)
2025-04-10 16:42:39,518 - bot - INFO - Bot is ready! Serving 3 guilds.
2025-04-10 16:43:59,417 - bot - INFO - Synced slash commands for guild 1350474491851178177
2025-04-10 16:47:17,822 - bot - INFO - Bot stopped by user.
2025-04-10 16:47:43,395 - discord.client - WARNING - PyNaCl is not installed, voice will NOT be supported
2025-04-10 16:47:43,398 - discord.client - INFO - logging in using static token
2025-04-10 16:47:44,913 - bot - INFO - Loaded extension: moderation
2025-04-10 16:47:45,262 - bot - INFO - Loaded extension: autorole
2025-04-10 16:47:52,220 - bot - INFO - Loaded extension: aichat
2025-04-10 16:47:52,259 - bot - INFO - Loaded extension: utility
2025-04-10 16:47:52,317 - bot - INFO - Loaded extension: leveling
2025-04-10 16:47:52,318 - bot - INFO - Syncing slash commands...
2025-04-10 16:48:52,284 - bot - INFO - Slash commands synced
2025-04-10 16:48:53,826 - discord.gateway - INFO - Shard ID None has connected to Gateway (Session ID: f5f9d4967e976be28b5604be07017afb).
2025-04-10 16:48:55,838 - bot - INFO - Logged in as asha#0628 (ID: 1347977788673626132)
2025-04-10 16:48:55,839 - bot - INFO - Bot is ready! Serving 3 guilds.
2025-04-10 16:52:52,410 - discord.client - WARNING - PyNaCl is not installed, voice will NOT be supported
2025-04-10 16:52:52,413 - discord.client - INFO - logging in using static token
2025-04-10 16:52:53,978 - bot - INFO - Loaded extension: moderation
2025-04-10 16:52:54,312 - bot - INFO - Loaded extension: autorole
2025-04-10 16:52:59,825 - bot - INFO - Loaded extension: aichat
2025-04-10 16:52:59,862 - bot - INFO - Loaded extension: utility
2025-04-10 16:52:59,918 - bot - INFO - Loaded extension: leveling
2025-04-10 16:52:59,918 - bot - INFO - Syncing slash commands...
2025-04-10 16:53:59,699 - bot - INFO - Slash commands synced
2025-04-10 16:54:01,547 - discord.gateway - INFO - Shard ID None has connected to Gateway (Session ID: 9c8b3cb2546d1f42e2f7f343252afc97).
2025-04-10 16:54:03,563 - bot - INFO - Logged in as asha#0628 (ID: 1347977788673626132)
2025-04-10 16:54:03,565 - bot - INFO - Bot is ready! Serving 3 guilds.
2025-04-10 16:55:03,322 - bot - INFO - Joined guild: '🐇 Bᥙᥒᥒᥡ .×͜×.' (ID: 1350474491851178177)
2025-04-10 16:55:04,321 - bot - INFO - Synced slash commands for guild 1350474491851178177
2025-04-10 16:58:37,519 - bot - INFO - Bot stopped by user.
2025-04-10 17:41:23,776 - discord.client - WARNING - PyNaCl is not installed, voice will NOT be supported
2025-04-10 17:41:23,782 - discord.client - INFO - logging in using static token
2025-04-10 17:41:25,390 - bot - INFO - Loaded extension: moderation
2025-04-10 17:41:25,718 - bot - INFO - Loaded extension: autorole
2025-04-10 17:41:32,549 - bot - INFO - Loaded extension: aichat
2025-04-10 17:41:32,602 - bot - INFO - Loaded extension: utility
2025-04-10 17:41:32,774 - bot - ERROR - Failed to load extension leveling: Extension 'leveling' raised an error: TypeError: maximum number of application command children exceeded
2025-04-10 17:41:32,844 - bot - ERROR - Failed to load extension reactionroles: Extension 'reactionroles' raised an error: TypeError: unsupported type annotation <class 'discord.interactions.Interaction'>
2025-04-10 17:41:32,845 - bot - INFO - Syncing slash commands...
2025-04-10 17:42:32,494 - bot - INFO - Slash commands synced
2025-04-10 17:42:33,902 - discord.gateway - INFO - Shard ID None has connected to Gateway (Session ID: be4bb550d1e2c1c2e5d7d7eb01726af3).
2025-04-10 17:42:35,929 - bot - INFO - Logged in as asha#0628 (ID: 1347977788673626132)
2025-04-10 17:42:35,930 - bot - INFO - Bot is ready! Serving 3 guilds.
2025-04-10 17:43:14,242 - bot - INFO - Joined guild: '🐇 Bᥙᥒᥒᥡ .×͜×.' (ID: 1350474491851178177)
2025-04-10 17:43:15,155 - bot - INFO - Synced slash commands for guild 1350474491851178177
2025-04-10 17:45:01,494 - bot - INFO - Bot stopped by user.
2025-04-10 17:45:38,828 - discord.client - WARNING - PyNaCl is not installed, voice will NOT be supported
2025-04-10 17:45:38,832 - discord.client - INFO - logging in using static token
2025-04-10 17:45:40,283 - bot - INFO - Loaded extension: moderation
2025-04-10 17:45:40,624 - bot - INFO - Loaded extension: autorole
2025-04-10 17:45:47,547 - bot - INFO - Loaded extension: aichat
2025-04-10 17:45:47,593 - bot - INFO - Loaded extension: utility
2025-04-10 17:45:47,663 - bot - ERROR - Failed to load extension leveling: Extension 'leveling' raised an error: TypeError: maximum number of application command children exceeded
2025-04-10 17:45:47,698 - bot - ERROR - Failed to load extension reactionroles: Extension 'reactionroles' raised an error: TypeError: unsupported type annotation <class 'discord.interactions.Interaction'>
2025-04-10 17:45:47,698 - bot - INFO - Syncing slash commands...
2025-04-10 17:46:47,511 - bot - INFO - Slash commands synced
2025-04-10 17:46:48,893 - discord.gateway - INFO - Shard ID None has connected to Gateway (Session ID: c7c2e3217d3cf00f8cafcc7f7f280d93).
2025-04-10 17:46:50,920 - bot - INFO - Logged in as asha#0628 (ID: 1347977788673626132)
2025-04-10 17:46:50,922 - bot - INFO - Bot is ready! Serving 3 guilds.
2025-04-10 17:57:50,303 - bot - INFO - Bot stopped by user.
2025-04-10 17:58:03,910 - discord.client - WARNING - PyNaCl is not installed, voice will NOT be supported
2025-04-10 17:58:03,920 - discord.client - INFO - logging in using static token
2025-04-10 17:58:05,633 - bot - INFO - Loaded extension: moderation
2025-04-10 17:58:06,075 - bot - INFO - Loaded extension: autorole
2025-04-10 17:58:13,033 - bot - INFO - Loaded extension: aichat
2025-04-10 17:58:13,095 - bot - INFO - Loaded extension: utility
2025-04-10 17:58:13,153 - bot - ERROR - Failed to load extension leveling: Extension 'leveling' raised an error: TypeError: maximum number of application command children exceeded
2025-04-10 17:58:13,162 - bot - ERROR - Failed to load extension reactionroles: Extension 'reactionroles' raised an error: TypeError: unsupported type annotation <class 'discord.interactions.Interaction'>
2025-04-10 17:58:13,162 - bot - INFO - Syncing slash commands...
2025-04-10 18:01:29,994 - discord.client - WARNING - PyNaCl is not installed, voice will NOT be supported
2025-04-10 18:01:29,996 - discord.client - INFO - logging in using static token
2025-04-10 18:01:32,508 - bot - ERROR - Failed to load extension cogs.moderation: No module named 'cogs'
2025-04-10 18:01:32,510 - bot - ERROR - Failed to load extension cogs.autorole: No module named 'cogs'
2025-04-10 18:01:32,512 - bot - ERROR - Failed to load extension cogs.aichat: No module named 'cogs'
2025-04-10 18:01:32,514 - bot - ERROR - Failed to load extension cogs.utility: No module named 'cogs'
2025-04-10 18:01:32,516 - bot - ERROR - Failed to load extension cogs.leveling: No module named 'cogs'
2025-04-10 18:01:32,518 - bot - ERROR - Failed to load extension cogs.reactionroles: No module named 'cogs'
2025-04-10 18:01:32,518 - bot - INFO - Syncing slash commands...
2025-04-10 18:01:33,350 - bot - INFO - Slash commands synced
2025-04-10 18:01:36,904 - discord.gateway - INFO - Shard ID None has connected to Gateway (Session ID: 62fb3e51931f3317302d835377623014).
2025-04-10 18:01:38,926 - bot - INFO - Logged in as asha#0628 (ID: 1347977788673626132)
2025-04-10 18:01:38,927 - bot - INFO - Bot is ready! Serving 3 guilds.
2025-04-10 18:03:04,954 - bot - INFO - Bot stopped by user.
2025-04-10 18:04:00,240 - discord.client - WARNING - PyNaCl is not installed, voice will NOT be supported
2025-04-10 18:04:00,243 - discord.client - INFO - logging in using static token
2025-04-10 18:04:01,932 - bot - INFO - Loaded extension: moderation
2025-04-10 18:04:02,309 - bot - INFO - Loaded extension: autorole
2025-04-10 18:04:10,837 - bot - INFO - Loaded extension: aichat
2025-04-10 18:04:10,886 - bot - INFO - Loaded extension: utility
2025-04-10 18:04:10,924 - bot - ERROR - Failed to load extension leveling: Extension 'leveling' raised an error: TypeError: maximum number of application command children exceeded
2025-04-10 18:04:10,934 - bot - ERROR - Failed to load extension reactionroles: Extension 'reactionroles' raised an error: TypeError: unsupported type annotation <class 'discord.interactions.Interaction'>
2025-04-10 18:04:10,935 - bot - INFO - Syncing slash commands...
2025-04-10 18:05:10,766 - bot - INFO - Slash commands synced
2025-04-10 18:05:12,372 - discord.gateway - INFO - Shard ID None has connected to Gateway (Session ID: d89eecfd32c59942c41b7a66cedc61af).
2025-04-10 18:05:14,596 - bot - INFO - Logged in as asha#0628 (ID: 1347977788673626132)
2025-04-10 18:05:14,597 - bot - INFO - Bot is ready! Serving 3 guilds.
2025-04-10 18:06:55,882 - discord.client - WARNING - PyNaCl is not installed, voice will NOT be supported
2025-04-10 18:06:55,885 - discord.client - INFO - logging in using static token
2025-04-10 18:06:57,649 - bot - INFO - Loaded extension: moderation
2025-04-10 18:06:57,975 - bot - INFO - Loaded extension: autorole
2025-04-10 18:07:05,020 - bot - INFO - Loaded extension: aichat
2025-04-10 18:07:05,073 - bot - INFO - Loaded extension: utility
2025-04-10 18:07:05,195 - bot - ERROR - Failed to load extension leveling: Extension 'leveling' raised an error: TypeError: maximum number of application command children exceeded
2025-04-10 18:07:05,266 - bot - ERROR - Failed to load extension reactionroles: Extension 'reactionroles' raised an error: TypeError: unsupported type annotation <class 'discord.interactions.Interaction'>
2025-04-10 18:07:05,267 - bot - INFO - Syncing slash commands...
2025-04-10 18:07:05,930 - discord.http - WARNING - We are being rate limited. PUT https://discord.com/api/v10/applications/1347977788673626132/commands responded with 429. Retrying in 16.25 seconds.
2025-04-10 18:07:23,236 - discord.http - WARNING - We are being rate limited. PUT https://discord.com/api/v10/applications/1347977788673626132/commands responded with 429. Retrying in 11.77 seconds.
2025-04-10 18:09:44,710 - discord.client - WARNING - PyNaCl is not installed, voice will NOT be supported
2025-04-10 18:09:44,713 - discord.client - INFO - logging in using static token
2025-04-10 18:09:46,299 - bot - INFO - Loaded extension: moderation
2025-04-10 18:09:46,615 - bot - INFO - Loaded extension: autorole
2025-04-10 18:09:54,089 - bot - INFO - Loaded extension: aichat
2025-04-10 18:09:54,139 - bot - INFO - Loaded extension: utility
2025-04-10 18:09:54,212 - bot - ERROR - Failed to load extension leveling: Extension 'leveling' raised an error: TypeError: maximum number of application command children exceeded
2025-04-10 18:09:54,244 - bot - ERROR - Failed to load extension reactionroles: Extension 'reactionroles' raised an error: TypeError: unsupported type annotation <class 'discord.interactions.Interaction'>
2025-04-10 18:09:54,245 - bot - INFO - Syncing slash commands...
2025-04-10 18:09:55,007 - discord.http - WARNING - We are being rate limited. PUT https://discord.com/api/v10/applications/1347977788673626132/commands responded with 429. Retrying in 279.38 seconds.
2025-04-10 18:10:09,898 - bot - INFO - Bot stopped by user.
2025-04-10 18:10:10,041 - asyncio - ERROR - Unclosed connector
connections: ['deque([(<aiohttp.client_proto.ResponseHandler object at 0x000002596C9D7350>, 57808.9104763)])']
connector: <aiohttp.connector.TCPConnector object at 0x000002596CA04C20>
2025-04-10 18:13:52,621 - discord.client - WARNING - PyNaCl is not installed, voice will NOT be supported
2025-04-10 18:13:52,624 - discord.client - INFO - logging in using static token
2025-04-10 18:13:54,229 - bot - INFO - Loaded extension: moderation
2025-04-10 18:13:54,553 - bot - INFO - Loaded extension: autorole
2025-04-10 18:14:02,301 - bot - INFO - Loaded extension: aichat
2025-04-10 18:14:02,353 - bot - INFO - Loaded extension: utility
2025-04-10 18:14:02,398 - bot - ERROR - Failed to load extension leveling: Extension 'leveling' raised an error: TypeError: maximum number of application command children exceeded
2025-04-10 18:14:02,410 - bot - ERROR - Failed to load extension reactionroles: Extension 'reactionroles' raised an error: TypeError: unsupported type annotation <class 'discord.interactions.Interaction'>
2025-04-10 18:14:02,411 - bot - INFO - Syncing slash commands...
2025-04-10 18:14:03,019 - discord.http - WARNING - We are being rate limited. PUT https://discord.com/api/v10/applications/1347977788673626132/commands responded with 429. Retrying in 31.17 seconds.
2025-04-10 18:14:35,583 - discord.http - WARNING - We are being rate limited. PUT https://discord.com/api/v10/applications/1347977788673626132/commands responded with 429. Retrying in 430.69 seconds.
2025-04-10 18:19:59,622 - bot - INFO - Bot stopped by user.
2025-04-10 18:19:59,970 - asyncio - ERROR - Unclosed client session
client_session: <aiohttp.client.ClientSession object at 0x000001B1A04F5160>
2025-04-11 12:57:43,403 - discord.client - WARNING - PyNaCl is not installed, voice will NOT be supported
2025-04-11 12:57:43,405 - discord.client - INFO - logging in using static token
2025-04-11 12:57:44,619 - bot - INFO - Loaded extension: moderation
2025-04-11 12:57:44,786 - bot - INFO - Loaded extension: autorole
2025-04-11 12:57:50,607 - bot - INFO - Loaded extension: aichat
2025-04-11 12:57:50,642 - bot - INFO - Loaded extension: utility
2025-04-11 12:57:50,709 - bot - ERROR - Failed to load extension leveling: Extension 'leveling' raised an error: AttributeError: module 'discord.app_commands' has no attribute 'Interaction'
2025-04-11 12:57:50,742 - bot - ERROR - Failed to load extension reactionroles: Extension 'reactionroles' raised an error: AttributeError: module 'discord.app_commands' has no attribute 'Interaction'
2025-04-11 12:57:50,742 - bot - INFO - Syncing slash commands...
2025-04-11 12:58:50,489 - bot - INFO - Slash commands synced
2025-04-11 12:58:51,584 - discord.gateway - INFO - Shard ID None has connected to Gateway (Session ID: 2c292ca965138a21c52c32caed1c3bd1).
2025-04-11 12:58:53,611 - bot - INFO - Logged in as asha#0628 (ID: 1347977788673626132)
2025-04-11 12:58:53,612 - bot - INFO - Bot is ready! Serving 4 guilds.
2025-04-11 12:59:50,936 - bot - INFO - Bot stopped by user.
2025-04-11 13:26:14,522 - discord.client - WARNING - PyNaCl is not installed, voice will NOT be supported
2025-04-11 13:26:14,526 - discord.client - INFO - logging in using static token
2025-04-11 13:26:15,669 - bot - INFO - Loaded extension: moderation
2025-04-11 13:26:15,815 - bot - INFO - Loaded extension: autorole
2025-04-11 13:26:20,172 - bot - INFO - Loaded extension: aichat
2025-04-11 13:26:20,209 - bot - INFO - Loaded extension: utility
2025-04-11 13:26:20,305 - bot - INFO - Loaded extension: leveling
2025-04-11 13:26:20,353 - bot - INFO - Loaded extension: reactionroles
2025-04-11 13:26:20,354 - bot - INFO - Syncing slash commands...
2025-04-11 13:27:20,463 - bot - INFO - Slash commands synced
2025-04-11 13:27:21,636 - discord.gateway - INFO - Shard ID None has connected to Gateway (Session ID: f2d34e66141a4b2a2ccf7e69434d5630).
2025-04-11 13:27:23,659 - bot - INFO - Registering persistent reaction role views...
2025-04-11 13:27:23,660 - bot - INFO - Registered 0 persistent reaction role views.
2025-04-11 13:27:23,660 - bot - INFO - Logged in as asha#0628 (ID: 1347977788673626132)
2025-04-11 13:27:23,661 - bot - INFO - Bot is ready! Serving 4 guilds.
2025-04-11 13:29:31,950 - discord.app_commands.tree - ERROR - Ignoring exception in command 'setlevel'
Traceback (most recent call last):
  File "C:\Users\hp\AppData\Local\Packages\PythonSoftwareFoundation.Python.3.13_qbz5n2kfra8p0\LocalCache\local-packages\Python313\site-packages\discord\app_commands\commands.py", line 857, in _do_call
    return await self._callback(self.binding, interaction, **params)  # type: ignore
           ^^^^^^^^^^^^^^^^^^^^^^^^^^^^^^^^^^^^^^^^^^^^^^^^^^^^^^^^^
  File "d:\codeprojects\new discord bot\leveling.py", line 1389, in set_level
    if guild_id not in self.levels:
                       ^^^^^^^^^^^
AttributeError: 'Leveling' object has no attribute 'levels'

The above exception was the direct cause of the following exception:

Traceback (most recent call last):
  File "C:\Users\hp\AppData\Local\Packages\PythonSoftwareFoundation.Python.3.13_qbz5n2kfra8p0\LocalCache\local-packages\Python313\site-packages\discord\app_commands\tree.py", line 1310, in _call
    await command._invoke_with_namespace(interaction, namespace)
  File "C:\Users\hp\AppData\Local\Packages\PythonSoftwareFoundation.Python.3.13_qbz5n2kfra8p0\LocalCache\local-packages\Python313\site-packages\discord\app_commands\commands.py", line 883, in _invoke_with_namespace
    return await self._do_call(interaction, transformed_values)
           ^^^^^^^^^^^^^^^^^^^^^^^^^^^^^^^^^^^^^^^^^^^^^^^^^^^^
  File "C:\Users\hp\AppData\Local\Packages\PythonSoftwareFoundation.Python.3.13_qbz5n2kfra8p0\LocalCache\local-packages\Python313\site-packages\discord\app_commands\commands.py", line 876, in _do_call
    raise CommandInvokeError(self, e) from e
discord.app_commands.errors.CommandInvokeError: Command 'setlevel' raised an exception: AttributeError: 'Leveling' object has no attribute 'levels'
2025-04-11 13:53:39,877 - bot - INFO - Bot stopped by user.
2025-04-11 13:54:51,491 - discord.client - WARNING - PyNaCl is not installed, voice will NOT be supported
2025-04-11 13:54:51,494 - discord.client - INFO - logging in using static token
2025-04-11 13:54:52,705 - bot - INFO - Loaded extension: moderation
2025-04-11 13:54:52,862 - bot - INFO - Loaded extension: autorole
2025-04-11 13:54:57,171 - bot - INFO - Loaded extension: aichat
2025-04-11 13:54:57,197 - bot - INFO - Loaded extension: utility
2025-04-11 13:54:57,273 - bot - INFO - Loaded extension: leveling
2025-04-11 13:54:57,286 - bot - INFO - Loaded extension: reactionroles
2025-04-11 13:54:57,287 - bot - INFO - Syncing slash commands...
2025-04-11 13:55:57,289 - bot - INFO - Slash commands synced
2025-04-11 13:55:58,464 - discord.gateway - INFO - Shard ID None has connected to Gateway (Session ID: 56e335f51dc74b5131cc0f99a42e70f5).
2025-04-11 13:56:00,559 - bot - INFO - Registering persistent reaction role views...
2025-04-11 13:56:00,559 - bot - INFO - Registered 0 persistent reaction role views.
2025-04-11 13:56:00,559 - bot - INFO - Logged in as asha#0628 (ID: 1347977788673626132)
2025-04-11 13:56:00,560 - bot - INFO - Bot is ready! Serving 4 guilds.
2025-04-11 13:58:21,158 - bot - INFO - Bot stopped by user.
